<?xml version="1.0" encoding="UTF-8"?>
<testsuite name="LibrarySystemTest" tests="5" skipped="0" failures="0" errors="0" timestamp="2023-09-30T06:47:12" hostname="ORUJOVA" time="0.022">
  <properties/>
  <testcase name="testAddBook()" classname="LibrarySystemTest" time="0.015"/>
  <testcase name="testCheckOutBook()" classname="LibrarySystemTest" time="0.001"/>
  <testcase name="testSearchBooksByTitle()" classname="LibrarySystemTest" time="0.001"/>
  <testcase name="testRemoveBook()" classname="LibrarySystemTest" time="0.0"/>
  <testcase name="testReturnBook()" classname="LibrarySystemTest" time="0.001"/>
  <system-out><![CDATA[]]></system-out>
  <system-err><![CDATA[]]></system-err>
</testsuite>
